0 info it worked if it ends with ok
1 verbose cli [ '/usr/local/bin/node',
1 verbose cli   '/usr/local/bin/npm',
1 verbose cli   'install',
1 verbose cli   '-g',
1 verbose cli   'eslint' ]
2 info using npm@2.11.3
3 info using node@v0.12.7
4 verbose install initial load of /usr/local/lib/package.json
5 verbose readDependencies loading dependencies from /usr/local/lib/package.json
6 silly cache add args [ 'eslint', null ]
7 verbose cache add spec eslint
8 silly cache add parsed spec { raw: 'eslint',
8 silly cache add   scope: null,
8 silly cache add   name: 'eslint',
8 silly cache add   rawSpec: '',
8 silly cache add   spec: '*',
8 silly cache add   type: 'range' }
9 silly addNamed eslint@*
10 verbose addNamed "*" is a valid semver range for eslint
11 silly addNameRange { name: 'eslint', range: '*', hasData: false }
12 silly mapToRegistry name eslint
13 silly mapToRegistry using default registry
14 silly mapToRegistry registry https://registry.npmjs.org/
15 silly mapToRegistry uri https://registry.npmjs.org/eslint
16 verbose addNameRange registry:https://registry.npmjs.org/eslint not in flight; fetching
17 verbose request uri https://registry.npmjs.org/eslint
18 verbose request no auth needed
19 info attempt registry request try #1 at 20:15:15
20 verbose request id 3776e1a6d334740d
21 http request GET https://registry.npmjs.org/eslint
22 http 200 https://registry.npmjs.org/eslint
23 silly get cb [ 200,
23 silly get   { server: 'CouchDB/1.5.0 (Erlang OTP/R16B03)',
23 silly get     etag: '"25SHSY0CMHJO39K39RG1K435N"',
23 silly get     'content-type': 'application/json',
23 silly get     'cache-control': 'max-age=60',
23 silly get     'content-length': '145525',
23 silly get     'accept-ranges': 'bytes',
23 silly get     date: 'Fri, 31 Jul 2015 03:15:16 GMT',
23 silly get     via: '1.1 varnish',
23 silly get     age: '2',
23 silly get     connection: 'keep-alive',
23 silly get     'x-served-by': 'cache-lax1427-LAX',
23 silly get     'x-cache': 'HIT',
23 silly get     'x-cache-hits': '1',
23 silly get     'x-timer': 'S1438312516.087629,VS0,VE1',
23 silly get     vary: 'Accept' } ]
24 verbose get saving eslint to /home/nickolas/.npm/registry.npmjs.org/eslint/.cache.json
25 silly addNameRange number 2 { name: 'eslint', range: '*', hasData: true }
26 silly addNameRange versions [ 'eslint',
26 silly addNameRange   [ '0.0.4',
26 silly addNameRange     '0.0.5',
26 silly addNameRange     '0.0.6',
26 silly addNameRange     '0.0.7',
26 silly addNameRange     '0.1.0-dev',
26 silly addNameRange     '0.1.0',
26 silly addNameRange     '0.1.1',
26 silly addNameRange     '0.1.2',
26 silly addNameRange     '0.1.3',
26 silly addNameRange     '0.1.4',
26 silly addNameRange     '0.2.0',
26 silly addNameRange     '0.3.0',
26 silly addNameRange     '0.4.0',
26 silly addNameRange     '0.4.1',
26 silly addNameRange     '0.4.2',
26 silly addNameRange     '0.4.3',
26 silly addNameRange     '0.4.4',
26 silly addNameRange     '0.4.5',
26 silly addNameRange     '0.5.0',
26 silly addNameRange     '0.5.1',
26 silly addNameRange     '0.6.0',
26 silly addNameRange     '0.6.1',
26 silly addNameRange     '0.6.2',
26 silly addNameRange     '0.7.1',
26 silly addNameRange     '0.7.2',
26 silly addNameRange     '0.7.3',
26 silly addNameRange     '0.7.4',
26 silly addNameRange     '0.8.0',
26 silly addNameRange     '0.8.1',
26 silly addNameRange     '0.8.2',
26 silly addNameRange     '0.9.0',
26 silly addNameRange     '0.9.1',
26 silly addNameRange     '0.9.2',
26 silly addNameRange     '0.10.0-alpha',
26 silly addNameRange     '0.10.0-alpha.1',
26 silly addNameRange     '0.10.0-alpha.2',
26 silly addNameRange     '0.10.0',
26 silly addNameRange     '0.11.0-alpha.0',
26 silly addNameRange     '0.10.1',
26 silly addNameRange     '0.10.2',
26 silly addNameRange     '0.11.0',
26 silly addNameRange     '0.12.0',
26 silly addNameRange     '0.13.0',
26 silly addNameRange     '0.14.0',
26 silly addNameRange     '0.14.1',
26 silly addNameRange     '0.15.0',
26 silly addNameRange     '0.15.1',
26 silly addNameRange     '0.16.0',
26 silly addNameRange     '0.16.1',
26 silly addNameRange     '0.16.2',
26 silly addNameRange     '0.17.0',
26 silly addNameRange     '0.17.1',
26 silly addNameRange     '0.18.0',
26 silly addNameRange     '0.19.0',
26 silly addNameRange     '0.20.0',
26 silly addNameRange     '0.21.0',
26 silly addNameRange     '0.21.1',
26 silly addNameRange     '0.21.2',
26 silly addNameRange     '0.22.0',
26 silly addNameRange     '0.22.1',
26 silly addNameRange     '0.23.0',
26 silly addNameRange     '0.24.0',
26 silly addNameRange     '0.24.1',
26 silly addNameRange     '1.0.0-rc-1',
26 silly addNameRange     '1.0.0-rc-2',
26 silly addNameRange     '1.0.0-rc-3' ] ]
27 silly addNamed eslint@0.24.1
28 verbose addNamed "0.24.1" is a plain semver version for eslint
29 silly mapToRegistry name eslint
30 silly mapToRegistry using default registry
31 silly mapToRegistry registry https://registry.npmjs.org/
32 silly mapToRegistry uri https://registry.npmjs.org/eslint
33 verbose addRemoteTarball https://registry.npmjs.org/eslint/-/eslint-0.24.1.tgz not in flight; adding
34 verbose addRemoteTarball [ 'https://registry.npmjs.org/eslint/-/eslint-0.24.1.tgz',
34 verbose addRemoteTarball   '54a50809855b9655721c6f2ee57b351edce28101' ]
35 info retry fetch attempt 1 at 20:15:16
36 info attempt registry request try #1 at 20:15:16
37 http fetch GET https://registry.npmjs.org/eslint/-/eslint-0.24.1.tgz
38 http fetch 200 https://registry.npmjs.org/eslint/-/eslint-0.24.1.tgz
39 silly fetchAndShaCheck shasum 54a50809855b9655721c6f2ee57b351edce28101
40 verbose addTmpTarball /tmp/npm-4069-ebd97ad6/registry.npmjs.org/eslint/-/eslint-0.24.1.tgz not in flight; adding
41 verbose addTmpTarball already have metadata; skipping unpack for eslint@0.24.1
42 silly cache afterAdd eslint@0.24.1
43 verbose afterAdd /home/nickolas/.npm/eslint/0.24.1/package/package.json not in flight; writing
44 verbose afterAdd /home/nickolas/.npm/eslint/0.24.1/package/package.json written
45 silly install resolved [ { name: 'eslint',
45 silly install resolved     version: '0.24.1',
45 silly install resolved     author:
45 silly install resolved      { name: 'Nicholas C. Zakas',
45 silly install resolved        email: 'nicholas+npm@nczconsulting.com' },
45 silly install resolved     description: 'An AST-based pattern checker for JavaScript.',
45 silly install resolved     bin: { eslint: './bin/eslint.js' },
45 silly install resolved     main: './lib/api.js',
45 silly install resolved     scripts:
45 silly install resolved      { test: 'node Makefile.js test',
45 silly install resolved        lint: 'node Makefile.js lint',
45 silly install resolved        patch: 'node Makefile.js patch',
45 silly install resolved        minor: 'node Makefile.js minor',
45 silly install resolved        major: 'node Makefile.js major',
45 silly install resolved        docs: 'node Makefile.js docs',
45 silly install resolved        gensite: 'node Makefile.js gensite',
45 silly install resolved        browserify: 'node Makefile.js browserify',
45 silly install resolved        perf: 'node Makefile.js perf',
45 silly install resolved        profile: 'beefy tests/bench/bench.js --open -- -t brfs -t ./tests/bench/xform-rules.js -r espree',
45 silly install resolved        coveralls: 'cat ./coverage/lcov.info | coveralls' },
45 silly install resolved     files: [ 'LICENSE', 'README.md', 'bin', 'conf', 'lib' ],
45 silly install resolved     repository: { type: 'git', url: 'https://github.com/eslint/eslint' },
45 silly install resolved     homepage: 'http://eslint.org',
45 silly install resolved     bugs: { url: 'https://github.com/eslint/eslint/issues/' },
45 silly install resolved     dependencies:
45 silly install resolved      { chalk: '^1.0.0',
45 silly install resolved        'concat-stream': '^1.4.6',
45 silly install resolved        debug: '^2.1.1',
45 silly install resolved        doctrine: '^0.6.2',
45 silly install resolved        'escape-string-regexp': '^1.0.2',
45 silly install resolved        escope: '^3.1.0',
45 silly install resolved        espree: '^2.0.1',
45 silly install resolved        estraverse: '^4.1.0',
45 silly install resolved        'estraverse-fb': '^1.3.1',
45 silly install resolved        globals: '^8.0.0',
45 silly install resolved        inquirer: '^0.8.2',
45 silly install resolved        'is-my-json-valid': '^2.10.0',
45 silly install resolved        'js-yaml': '^3.2.5',
45 silly install resolved        minimatch: '^2.0.1',
45 silly install resolved        mkdirp: '^0.5.0',
45 silly install resolved        'object-assign': '^2.0.0',
45 silly install resolved        optionator: '^0.5.0',
45 silly install resolved        'path-is-absolute': '^1.0.0',
45 silly install resolved        'strip-json-comments': '~1.0.1',
45 silly install resolved        'text-table': '~0.2.0',
45 silly install resolved        'user-home': '^1.0.0',
45 silly install resolved        'xml-escape': '~1.0.0' },
45 silly install resolved     devDependencies:
45 silly install resolved      { beefy: '^1.0.0',
45 silly install resolved        brfs: '0.0.9',
45 silly install resolved        browserify: '^8.1.3',
45 silly install resolved        chai: '^1.9.1',
45 silly install resolved        coveralls: '2.11.2',
45 silly install resolved        dateformat: '^1.0.8',
45 silly install resolved        'eslint-tester': '^0.8.1',
45 silly install resolved        'esprima-fb': '^10001.1.0-dev-harmony-fb',
45 silly install resolved        'gh-got': '^1.0.3',
45 silly install resolved        istanbul: '^0.3.5',
45 silly install resolved        jsdoc: '^3.3.0-beta1',
45 silly install resolved        jsonlint: '^1.6.2',
45 silly install resolved        markdownlint: '^0.0.6',
45 silly install resolved        mocha: '^2.1.0',
45 silly install resolved        'mocha-phantomjs': '^3.5.0',
45 silly install resolved        'npm-license': '^0.2.3',
45 silly install resolved        phantomjs: '^1.9.9',
45 silly install resolved        proxyquire: '^1.0.0',
45 silly install resolved        semver: '^4.1.0',
45 silly install resolved        shelljs: '^0.3.0',
45 silly install resolved        'shelljs-nodecli': '~0.1.0',
45 silly install resolved        sinon: '1.14.1',
45 silly install resolved        through: '^2.3.6' },
45 silly install resolved     keywords: [ 'ast', 'lint', 'javascript', 'ecmascript', 'espree' ],
45 silly install resolved     license: 'MIT',
45 silly install resolved     engines: { node: '>=0.10' },
45 silly install resolved     gitHead: 'b4423e309e74956adb05eb543ffb653086e4fe0e',
45 silly install resolved     _id: 'eslint@0.24.1',
45 silly install resolved     _shasum: '54a50809855b9655721c6f2ee57b351edce28101',
45 silly install resolved     _from: 'eslint@*',
45 silly install resolved     _npmVersion: '1.4.28',
45 silly install resolved     _npmUser: { name: 'nzakas', email: 'nicholas@nczconsulting.com' },
45 silly install resolved     maintainers: [ [Object], [Object] ],
45 silly install resolved     dist:
45 silly install resolved      { shasum: '54a50809855b9655721c6f2ee57b351edce28101',
45 silly install resolved        tarball: 'http://registry.npmjs.org/eslint/-/eslint-0.24.1.tgz' },
45 silly install resolved     directories: {},
45 silly install resolved     _resolved: 'https://registry.npmjs.org/eslint/-/eslint-0.24.1.tgz' } ]
46 info install eslint@0.24.1 into /usr/local/lib
47 info installOne eslint@0.24.1
48 verbose installOne of eslint to /usr/local/lib not in flight; installing
49 verbose lock using /home/nickolas/.npm/_locks/eslint-73063478b74e4f91.lock for /usr/local/lib/node_modules/eslint
50 silly install write writing eslint 0.24.1 to /usr/local/lib/node_modules/eslint
51 verbose unbuild lib/node_modules/eslint
52 silly gentlyRm /usr/local/lib/node_modules/eslint is being purged from base /usr/local
53 verbose gentlyRm don't care about contents; nuking /usr/local/lib/node_modules/eslint
54 verbose tar unpack /home/nickolas/.npm/eslint/0.24.1/package.tgz
55 verbose tar unpacking to /usr/local/lib/node_modules/eslint
56 silly gentlyRm /usr/local/lib/node_modules/eslint is being purged
57 verbose gentlyRm don't care about contents; nuking /usr/local/lib/node_modules/eslint
58 silly gunzTarPerm modes [ '775', '664' ]
59 error tar.unpack untar error /home/nickolas/.npm/eslint/0.24.1/package.tgz
60 verbose unlock done using /home/nickolas/.npm/_locks/eslint-73063478b74e4f91.lock for /usr/local/lib/node_modules/eslint
61 verbose fstream_path /usr/local/lib/node_modules/eslint
62 verbose fstream_type Directory
63 verbose fstream_class DirWriter
64 verbose stack Error: EACCES, mkdir '/usr/local/lib/node_modules/eslint'
64 verbose stack     at Error (native)
65 verbose fstream_stack /usr/local/lib/node_modules/npm/node_modules/fstream/lib/dir-writer.js:35:25
65 verbose fstream_stack /usr/local/lib/node_modules/npm/node_modules/mkdirp/index.js:47:53
65 verbose fstream_stack FSReqWrap.oncomplete (fs.js:95:15)
66 verbose cwd /home/nickolas/Desktop/Codefellows/final/board-game-sharing
67 error Linux 3.16.0-45-generic
68 error argv "/usr/local/bin/node" "/usr/local/bin/npm" "install" "-g" "eslint"
69 error node v0.12.7
70 error npm  v2.11.3
71 error path /usr/local/lib/node_modules/eslint
72 error code EACCES
73 error errno -13
74 error Error: EACCES, mkdir '/usr/local/lib/node_modules/eslint'
74 error     at Error (native)
74 error  { [Error: EACCES, mkdir '/usr/local/lib/node_modules/eslint']
74 error   errno: -13,
74 error   code: 'EACCES',
74 error   path: '/usr/local/lib/node_modules/eslint',
74 error   fstream_type: 'Directory',
74 error   fstream_path: '/usr/local/lib/node_modules/eslint',
74 error   fstream_class: 'DirWriter',
74 error   fstream_stack:
74 error    [ '/usr/local/lib/node_modules/npm/node_modules/fstream/lib/dir-writer.js:35:25',
74 error      '/usr/local/lib/node_modules/npm/node_modules/mkdirp/index.js:47:53',
74 error      'FSReqWrap.oncomplete (fs.js:95:15)' ] }
75 error Please try running this command again as root/Administrator.
76 verbose exit [ -13, true ]
77 verbose unbuild lib/node_modules/eslint
78 silly gentlyRm /usr/local/lib/node_modules/eslint is being purged from base /usr/local
79 verbose gentlyRm don't care about contents; nuking /usr/local/lib/node_modules/eslint
